Form data requires "python-multipart" to be installed. 
You can install "python-multipart" with: 

pip install python-multipart

Traceback (most recent call last):
  File "<frozen runpy>", line 198, in _run_module_as_main
  File "<frozen runpy>", line 88, in _run_code
  File "C:\Users\jffra\OneDrive\Documentos\GitHub\mecanica\.venv\Lib\site-packages\uvicorn\__main__.py", line 4, in <module>
    uvicorn.main()
    ~~~~~~~~~~~~^^
  File "C:\Users\jffra\OneDrive\Documentos\GitHub\mecanica\.venv\Lib\site-packages\click\core.py", line 1462, in __call__
    return self.main(*args, **kwargs)
           ~~~~~~~~~^^^^^^^^^^^^^^^^^
  File "C:\Users\jffra\OneDrive\Documentos\GitHub\mecanica\.venv\Lib\site-packages\click\core.py", line 1383, in main
    rv = self.invoke(ctx)
  File "C:\Users\jffra\OneDrive\Documentos\GitHub\mecanica\.venv\Lib\site-packages\click\core.py", line 1246, in invoke
    return ctx.invoke(self.callback, **ctx.params)
           ~~~~~~~~~~^^^^^^^^^^^^^^^^^^^^^^^^^^^^^
  File "C:\Users\jffra\OneDrive\Documentos\GitHub\mecanica\.venv\Lib\site-packages\click\core.py", line 814, in invoke
    return callback(*args, **kwargs)
  File "C:\Users\jffra\OneDrive\Documentos\GitHub\mecanica\.venv\Lib\site-packages\uvicorn\main.py", line 423, in main
    run(
    ~~~^
        app,
        ^^^^
    ...<46 lines>...
        h11_max_incomplete_event_size=h11_max_incomplete_event_size,
        ^^^^^^^^^^^^^^^^^^^^^^^^^^^^^^^^^^^^^^^^^^^^^^^^^^^^^^^^^^^^
    )
    ^
  File "C:\Users\jffra\OneDrive\Documentos\GitHub\mecanica\.venv\Lib\site-packages\uvicorn\main.py", line 593, in run
    server.run()
    ~~~~~~~~~~^^
  File "C:\Users\jffra\OneDrive\Documentos\GitHub\mecanica\.venv\Lib\site-packages\uvicorn\server.py", line 67, in run
    return asyncio_run(self.serve(sockets=sockets), loop_factory=self.config.get_loop_factory())
  File "C:\Users\jffra\AppData\Local\Programs\Python\Python313\Lib\asyncio\runners.py", line 195, in run
    return runner.run(main)
           ~~~~~~~~~~^^^^^^
  File "C:\Users\jffra\AppData\Local\Programs\Python\Python313\Lib\asyncio\runners.py", line 118, in run
    return self._loop.run_until_complete(task)
           ~~~~~~~~~~~~~~~~~~~~~~~~~~~~~^^^^^^
  File "C:\Users\jffra\AppData\Local\Programs\Python\Python313\Lib\asyncio\base_events.py", line 725, in run_until_complete
    return future.result()
           ~~~~~~~~~~~~~^^
  File "C:\Users\jffra\OneDrive\Documentos\GitHub\mecanica\.venv\Lib\site-packages\uvicorn\server.py", line 71, in serve
    await self._serve(sockets)
  File "C:\Users\jffra\OneDrive\Documentos\GitHub\mecanica\.venv\Lib\site-packages\uvicorn\server.py", line 78, in _serve
    config.load()
    ~~~~~~~~~~~^^
  File "C:\Users\jffra\OneDrive\Documentos\GitHub\mecanica\.venv\Lib\site-packages\uvicorn\config.py", line 438, in load
    self.loaded_app = import_from_string(self.app)
                      ~~~~~~~~~~~~~~~~~~^^^^^^^^^^
  File "C:\Users\jffra\OneDrive\Documentos\GitHub\mecanica\.venv\Lib\site-packages\uvicorn\importer.py", line 19, in import_from_string
    module = importlib.import_module(module_str)
  File "C:\Users\jffra\AppData\Local\Programs\Python\Python313\Lib\importlib\__init__.py", line 88, in import_module
    return _bootstrap._gcd_import(name[level:], package, level)
           ~~~~~~~~~~~~~~~~~~~~~~^^^^^^^^^^^^^^^^^^^^^^^^^^^^^^
  File "<frozen importlib._bootstrap>", line 1387, in _gcd_import
  File "<frozen importlib._bootstrap>", line 1360, in _find_and_load
  File "<frozen importlib._bootstrap>", line 1331, in _find_and_load_unlocked
  File "<frozen importlib._bootstrap>", line 935, in _load_unlocked
  File "<frozen importlib._bootstrap_external>", line 1026, in exec_module
  File "<frozen importlib._bootstrap>", line 488, in _call_with_frames_removed
  File "C:\Users\jffra\OneDrive\Documentos\GitHub\mecanica\webapp\app.py", line 15, in <module>
    from .routers import auth_router, beam_router, render_dashboard
  File "C:\Users\jffra\OneDrive\Documentos\GitHub\mecanica\webapp\routers\__init__.py", line 3, in <module>
    from .auth import router as auth_router
  File "C:\Users\jffra\OneDrive\Documentos\GitHub\mecanica\webapp\routers\auth.py", line 38, in <module>
    @router.post("/auth/login", response_class=HTMLResponse)
     ~~~~~~~~~~~^^^^^^^^^^^^^^^^^^^^^^^^^^^^^^^^^^^^^^^^^^^^
  File "C:\Users\jffra\OneDrive\Documentos\GitHub\mecanica\.venv\Lib\site-packages\fastapi\routing.py", line 1001, in decorator
    self.add_api_route(
    ~~~~~~~~~~~~~~~~~~^
        path,
        ^^^^^
    ...<23 lines>...
        generate_unique_id_function=generate_unique_id_function,
        ^^^^^^^^^^^^^^^^^^^^^^^^^^^^^^^^^^^^^^^^^^^^^^^^^^^^^^^^
    )
    ^
  File "C:\Users\jffra\OneDrive\Documentos\GitHub\mecanica\.venv\Lib\site-packages\fastapi\routing.py", line 940, in add_api_route
    route = route_class(
        self.prefix + path,
    ...<24 lines>...
        generate_unique_id_function=current_generate_unique_id,
    )
  File "C:\Users\jffra\OneDrive\Documentos\GitHub\mecanica\.venv\Lib\site-packages\fastapi\routing.py", line 561, in __init__
    self.dependant = get_dependant(path=self.path_format, call=self.endpoint)
                     ~~~~~~~~~~~~~^^^^^^^^^^^^^^^^^^^^^^^^^^^^^^^^^^^^^^^^^^^
  File "C:\Users\jffra\OneDrive\Documentos\GitHub\mecanica\.venv\Lib\site-packages\fastapi\dependencies\utils.py", line 293, in get_dependant
    param_details = analyze_param(
        param_name=param_name,
    ...<2 lines>...
        is_path_param=is_path_param,
    )
  File "C:\Users\jffra\OneDrive\Documentos\GitHub\mecanica\.venv\Lib\site-packages\fastapi\dependencies\utils.py", line 490, in analyze_param
    ensure_multipart_is_installed()
    ~~~~~~~~~~~~~~~~~~~~~~~~~~~~~^^
  File "C:\Users\jffra\OneDrive\Documentos\GitHub\mecanica\.venv\Lib\site-packages\fastapi\dependencies\utils.py", line 121, in ensure_multipart_is_installed
    raise RuntimeError(multipart_not_installed_error) from None
RuntimeError: Form data requires "python-multipart" to be installed. 
You can install "python-multipart" with: 

pip install python-multipart

